[2017-11-19 16:47:55,262: ERROR/ForkPoolWorker-1] Task app.script_runner[fe0ab1b6-1577-4253-b7dc-36b964e0f560] raised unexpected: KeyError('get_score',)
Traceback (most recent call last):
  File "/ws/mastarke-sjc/pyats2/lib/python3.4/site-packages/celery/app/trace.py", line 374, in trace_task
    R = retval = fun(*args, **kwargs)
  File "/ws/mastarke-sjc/my_local_git/image_picker_site/Flask_celery.py", line 12, in __call__
    return TaskBase.__call__(self, *args, **kwargs)
  File "/ws/mastarke-sjc/pyats2/lib/python3.4/site-packages/celery/app/trace.py", line 629, in __protected_call__
    return self.run(*args, **kwargs)
  File "/ws/mastarke-sjc/my_local_git/image_picker_site/app.py", line 1087, in script_runner
    psat_job_file=psat_job_file, ixia_chassis_ip=ixia_chassis_ip)
KeyError: 'get_score'
[2017-11-19 16:55:39,838: ERROR/ForkPoolWorker-1] Task app.script_runner[d1fb5b9d-ec24-49b6-896b-0d2774eb735d] raised unexpected: AttributeError("'module' object has no attribute 'info'",)
Traceback (most recent call last):
  File "/ws/mastarke-sjc/pyats2/lib/python3.4/site-packages/celery/app/trace.py", line 374, in trace_task
    R = retval = fun(*args, **kwargs)
  File "/ws/mastarke-sjc/my_local_git/image_picker_site/Flask_celery.py", line 12, in __call__
    return TaskBase.__call__(self, *args, **kwargs)
  File "/ws/mastarke-sjc/pyats2/lib/python3.4/site-packages/celery/app/trace.py", line 629, in __protected_call__
    return self.run(*args, **kwargs)
  File "/ws/mastarke-sjc/my_local_git/image_picker_site/app.py", line 1006, in script_runner
    logging.info('Matthew your in script runner')
AttributeError: 'module' object has no attribute 'info'
[2017-11-19 17:00:36,773: ERROR/ForkPoolWorker-1] Task app.script_runner[3bb076dd-cc74-43a6-94c5-ea42fe49cda2] raised unexpected: AttributeError("'module' object has no attribute 'info'",)
Traceback (most recent call last):
  File "/ws/mastarke-sjc/pyats2/lib/python3.4/site-packages/celery/app/trace.py", line 374, in trace_task
    R = retval = fun(*args, **kwargs)
  File "/ws/mastarke-sjc/my_local_git/image_picker_site/Flask_celery.py", line 12, in __call__
    return TaskBase.__call__(self, *args, **kwargs)
  File "/ws/mastarke-sjc/pyats2/lib/python3.4/site-packages/celery/app/trace.py", line 629, in __protected_call__
    return self.run(*args, **kwargs)
  File "/ws/mastarke-sjc/my_local_git/image_picker_site/app.py", line 1006, in script_runner
    logging.info('Matthew your in script runner')
AttributeError: 'module' object has no attribute 'info'
[2017-11-19 17:02:42,489: INFO/ForkPoolWorker-1] app.script_runner[14a17033-2711-4c00-b982-06a02bedd87d]: ###  Matthew in script_runner celery task  ###
[2017-11-19 17:02:42,490: INFO/ForkPoolWorker-1] app.script_runner[14a17033-2711-4c00-b982-06a02bedd87d]: ###  !!!  Matthew in script_runner celery has now completed  !!!  ###
[2017-11-19 17:02:42,491: INFO/ForkPoolWorker-1] app.script_runner[14a17033-2711-4c00-b982-06a02bedd87d]: ###  Matthew in script_runner removing jobfile jobfile-acdca170-8de1-4ce9-a873-de6735c8c5d5.py  ###
[2017-11-19 17:02:42,502: INFO/ForkPoolWorker-1] Task app.script_runner[14a17033-2711-4c00-b982-06a02bedd87d] succeeded in 0.02302337810397148s: None
[2017-11-19 17:07:01,048: INFO/ForkPoolWorker-1] app.script_runner[443b5a9d-024f-4b9b-8ed5-90431d189605]: ###  Matthew in script_runner celery task  ###
[2017-11-19 17:07:01,049: INFO/ForkPoolWorker-1] app.script_runner[443b5a9d-024f-4b9b-8ed5-90431d189605]: ###  !!!  Matthew in script_runner celery has now completed  !!!  ###
[2017-11-19 17:07:01,051: INFO/ForkPoolWorker-1] app.script_runner[443b5a9d-024f-4b9b-8ed5-90431d189605]: ###  Matthew in script_runner removing jobfile jobfile-e847b5aa-e1b1-4c81-b936-15391f06bd8b.py  ###
[2017-11-19 17:07:01,053: INFO/ForkPoolWorker-1] Task app.script_runner[443b5a9d-024f-4b9b-8ed5-90431d189605] succeeded in 0.01311747170984745s: None
[2017-11-19 17:10:28,049: INFO/ForkPoolWorker-1] app.script_runner[fd41ec4c-f8a6-4761-b32c-74edbd133633]: ###  Matthew in script_runner celery task  ###
[2017-11-19 17:10:28,050: INFO/ForkPoolWorker-1] app.script_runner[fd41ec4c-f8a6-4761-b32c-74edbd133633]: ###  !!!  Matthew in script_runner celery has now completed  !!!  ###
[2017-11-19 17:10:28,051: INFO/ForkPoolWorker-1] app.script_runner[fd41ec4c-f8a6-4761-b32c-74edbd133633]: ###  Matthew in script_runner removing jobfile jobfile-8a5d3af8-49ad-4b6f-ac8d-e4f12d70366d.py  ###
[2017-11-19 17:10:28,053: INFO/ForkPoolWorker-1] Task app.script_runner[fd41ec4c-f8a6-4761-b32c-74edbd133633] succeeded in 0.011654814705252647s: None
[2017-11-19 17:12:01,792: INFO/ForkPoolWorker-1] app.script_runner[6452823a-c95c-4cd1-b43c-75c884979e19]: ###  Matthew in script_runner celery task  ###
[2017-11-19 17:12:01,794: INFO/ForkPoolWorker-1] app.script_runner[6452823a-c95c-4cd1-b43c-75c884979e19]: ###  !!!  Matthew in script_runner celery has now completed  !!!  ###
[2017-11-19 17:12:01,796: INFO/ForkPoolWorker-1] app.script_runner[6452823a-c95c-4cd1-b43c-75c884979e19]: ###  Matthew in script_runner removing jobfile jobfile-ce6805b8-620f-4cfb-ac87-a5451f40a71d.py  ###
[2017-11-19 17:12:01,800: INFO/ForkPoolWorker-1] Task app.script_runner[6452823a-c95c-4cd1-b43c-75c884979e19] succeeded in 0.03046359308063984s: None
[2017-11-19 17:21:03,679: INFO/ForkPoolWorker-1] app.script_runner[3cb087eb-3e84-4e4c-b928-7172b30e42bc]: ###  Matthew in script_runner celery task  ###
[2017-11-19 17:21:03,680: INFO/ForkPoolWorker-1] app.script_runner[3cb087eb-3e84-4e4c-b928-7172b30e42bc]: ###  !!!  Matthew in script_runner celery has now completed  !!!  ###
[2017-11-19 17:21:03,681: INFO/ForkPoolWorker-1] app.script_runner[3cb087eb-3e84-4e4c-b928-7172b30e42bc]: ###  Matthew in script_runner removing jobfile jobfile-75a7b554-a610-4c3e-9537-8fc749199991.py  ###
[2017-11-19 17:21:03,686: INFO/ForkPoolWorker-1] Task app.script_runner[3cb087eb-3e84-4e4c-b928-7172b30e42bc] succeeded in 0.016295164823532104s: None
[2017-11-19 17:24:20,248: INFO/ForkPoolWorker-1] app.script_runner[ebe1a94f-c371-4789-b77f-c65d14168189]: ###  Matthew in script_runner celery task  ###
[2017-11-19 17:24:20,249: INFO/ForkPoolWorker-1] app.script_runner[ebe1a94f-c371-4789-b77f-c65d14168189]: ###  !!!  Matthew in script_runner celery has now completed  !!!  ###
[2017-11-19 17:24:20,250: INFO/ForkPoolWorker-1] app.script_runner[ebe1a94f-c371-4789-b77f-c65d14168189]: ###  Matthew in script_runner removing jobfile jobfile-cc0034d1-68ac-49b0-9a34-681d6d132f19.py  ###
[2017-11-19 17:24:20,253: INFO/ForkPoolWorker-1] Task app.script_runner[ebe1a94f-c371-4789-b77f-c65d14168189] succeeded in 0.0156258512288332s: None
[2017-11-19 18:29:28,717: INFO/ForkPoolWorker-1] app.script_runner[c002a1c2-82f2-428d-b590-900eef877ad0]: ###  Matthew in script_runner celery task  ###
[2017-11-19 18:37:19,961: INFO/ForkPoolWorker-1] app.script_runner[c002a1c2-82f2-428d-b590-900eef877ad0]: ###  !!!  Matthew in script_runner celery has now completed  !!!  ###
[2017-11-19 18:37:19,963: INFO/ForkPoolWorker-1] app.script_runner[c002a1c2-82f2-428d-b590-900eef877ad0]: ###  Matthew in script_runner removing jobfile jobfile-fadb53e4-5df9-43b7-bd27-6d70779e315e.py  ###
[2017-11-19 18:37:19,984: INFO/ForkPoolWorker-1] Task app.script_runner[c002a1c2-82f2-428d-b590-900eef877ad0] succeeded in 471.28114430233836s: None
[2017-11-19 18:43:48,973: INFO/ForkPoolWorker-1] app.script_runner[77cbd84a-4be6-4f8d-861d-a73c5a93d1b9]: ###  Matthew in script_runner celery task  ###
[2017-11-19 18:51:46,062: INFO/ForkPoolWorker-1] app.script_runner[77cbd84a-4be6-4f8d-861d-a73c5a93d1b9]: ###  !!!  Matthew in script_runner celery has now completed  !!!  ###
[2017-11-19 18:51:46,065: INFO/ForkPoolWorker-1] app.script_runner[77cbd84a-4be6-4f8d-861d-a73c5a93d1b9]: ###  Matthew in script_runner removing jobfile jobfile-7c180107-a48f-41d0-97fc-781d02856cd6.py  ###
[2017-11-19 18:51:46,086: INFO/ForkPoolWorker-1] Task app.script_runner[77cbd84a-4be6-4f8d-861d-a73c5a93d1b9] succeeded in 477.1216522268951s: None
[2017-11-19 18:59:31,642: INFO/ForkPoolWorker-1] app.script_runner[5c1384b8-d66c-469e-af0e-f7c21b1f7268]: ###  Matthew in script_runner celery task  ###
[2017-11-19 20:32:19,208: INFO/ForkPoolWorker-1] app.script_runner[5c1384b8-d66c-469e-af0e-f7c21b1f7268]: ###  !!!  Matthew in script_runner celery has now completed  !!!  ###
[2017-11-19 20:32:19,210: INFO/ForkPoolWorker-1] app.script_runner[5c1384b8-d66c-469e-af0e-f7c21b1f7268]: ###  Matthew in script_runner removing jobfile jobfile-3eb8f0dd-82b0-4b65-bbaa-01ebcd8f8b90.py  ###
[2017-11-19 20:32:19,220: INFO/ForkPoolWorker-1] Task app.script_runner[5c1384b8-d66c-469e-af0e-f7c21b1f7268] succeeded in 5567.627931561321s: None
[2017-11-19 20:43:44,302: INFO/ForkPoolWorker-1] app.script_runner[b2eefa7c-7366-40c3-8e10-a91c19eb9264]: ###  Matthew in script_runner celery task  ###
[2017-11-19 22:03:14,865: INFO/ForkPoolWorker-1] app.script_runner[b2eefa7c-7366-40c3-8e10-a91c19eb9264]: ###  !!!  Matthew in script_runner celery has now completed  !!!  ###
[2017-11-19 22:03:14,866: INFO/ForkPoolWorker-1] app.script_runner[b2eefa7c-7366-40c3-8e10-a91c19eb9264]: ###  Matthew in script_runner removing jobfile jobfile-004814d7-3b88-47cb-922c-d3a7802d23e6.py  ###
[2017-11-19 22:03:14,892: INFO/ForkPoolWorker-1] Task app.script_runner[b2eefa7c-7366-40c3-8e10-a91c19eb9264] succeeded in 4770.598763069138s: None
[2017-11-20 07:53:24,377: INFO/ForkPoolWorker-1] app.script_runner[8d4ac698-7be8-4e89-a908-f7905caf3d22]: ###  Matthew in script_runner celery task  ###
[2017-11-20 09:29:23,602: INFO/ForkPoolWorker-1] app.script_runner[8d4ac698-7be8-4e89-a908-f7905caf3d22]: ###  !!!  Matthew in script_runner celery has now completed  !!!  ###
[2017-11-20 09:29:23,602: INFO/ForkPoolWorker-1] app.script_runner[8d4ac698-7be8-4e89-a908-f7905caf3d22]: ###  Matthew in script_runner removing jobfile jobfile-6b5b528b-7276-4197-88a0-02ba67261dc7.py  ###
[2017-11-20 09:29:23,614: INFO/ForkPoolWorker-1] Task app.script_runner[8d4ac698-7be8-4e89-a908-f7905caf3d22] succeeded in 5759.259910590947s: None
[2017-11-20 09:29:23,627: INFO/ForkPoolWorker-1] app.script_runner[d809a887-5cdf-4f9a-822c-ee2f3b3d4cd5]: ###  Matthew in script_runner celery task  ###
[2017-11-20 09:30:21,640: INFO/ForkPoolWorker-1] app.script_runner[d809a887-5cdf-4f9a-822c-ee2f3b3d4cd5]: ###  !!!  Matthew in script_runner celery has now completed  !!!  ###
[2017-11-20 09:30:21,641: INFO/ForkPoolWorker-1] app.script_runner[d809a887-5cdf-4f9a-822c-ee2f3b3d4cd5]: ###  Matthew in script_runner removing jobfile jobfile-98b7c478-07e3-4e2c-8b02-3598e972a465.py  ###
[2017-11-20 09:30:21,655: INFO/ForkPoolWorker-1] Task app.script_runner[d809a887-5cdf-4f9a-822c-ee2f3b3d4cd5] succeeded in 58.038917833939195s: None
[2017-11-20 13:33:14,535: INFO/ForkPoolWorker-1] app.script_runner[60eeb05b-6272-4bea-9348-145d8d6774ca]: ###  Matthew in script_runner celery task  ###
[2017-11-20 15:07:16,021: INFO/ForkPoolWorker-1] app.script_runner[60eeb05b-6272-4bea-9348-145d8d6774ca]: ###  !!!  Matthew in script_runner celery has now completed  !!!  ###
[2017-11-20 15:07:16,021: INFO/ForkPoolWorker-1] app.script_runner[60eeb05b-6272-4bea-9348-145d8d6774ca]: ###  Matthew in script_runner removing jobfile jobfile-d9a25e15-eef1-49ed-b346-3891c6c98423.py  ###
[2017-11-20 15:07:16,035: INFO/ForkPoolWorker-1] Task app.script_runner[60eeb05b-6272-4bea-9348-145d8d6774ca] succeeded in 5641.509802075103s: None
[2017-11-20 18:57:31,363: INFO/ForkPoolWorker-1] app.script_runner[595e7736-03da-4bba-9fdc-420910efa3f0]: ###  Matthew in script_runner celery task  ###
[2017-11-20 18:58:39,279: INFO/ForkPoolWorker-1] app.script_runner[595e7736-03da-4bba-9fdc-420910efa3f0]: ###  !!!  Matthew in script_runner celery has now completed  !!!  ###
[2017-11-20 18:58:39,280: INFO/ForkPoolWorker-1] app.script_runner[595e7736-03da-4bba-9fdc-420910efa3f0]: ###  Matthew in script_runner removing jobfile jobfile-2a6f0c93-7669-4f48-82ae-157500ddd703.py  ###
[2017-11-20 18:58:39,302: INFO/ForkPoolWorker-1] Task app.script_runner[595e7736-03da-4bba-9fdc-420910efa3f0] succeeded in 67.95189024508s: None
[2017-11-20 20:43:52,273: INFO/ForkPoolWorker-1] app.script_runner[f04365f2-2ac4-4dba-8737-c64c61387c19]: ###  Matthew in script_runner celery task  ###
[2017-11-20 22:35:53,482: INFO/ForkPoolWorker-1] app.script_runner[f04365f2-2ac4-4dba-8737-c64c61387c19]: ###  !!!  Matthew in script_runner celery has now completed  !!!  ###
[2017-11-20 22:35:53,482: INFO/ForkPoolWorker-1] app.script_runner[f04365f2-2ac4-4dba-8737-c64c61387c19]: ###  Matthew in script_runner removing jobfile jobfile-7312e0fa-deb4-4fa8-939b-50b86d7e3add.py  ###
[2017-11-20 22:35:53,496: INFO/ForkPoolWorker-1] Task app.script_runner[f04365f2-2ac4-4dba-8737-c64c61387c19] succeeded in 6721.2336429376155s: None
[2017-11-21 07:55:51,614: INFO/ForkPoolWorker-1] app.script_runner[f8bec2af-22d9-46a0-beb3-e8df6f940af5]: ###  Matthew in script_runner celery task  ###
[2017-11-21 08:39:44,119: INFO/ForkPoolWorker-1] app.script_runner[f8bec2af-22d9-46a0-beb3-e8df6f940af5]: ###  !!!  Matthew in script_runner celery has now completed  !!!  ###
[2017-11-21 08:39:44,119: INFO/ForkPoolWorker-1] app.script_runner[f8bec2af-22d9-46a0-beb3-e8df6f940af5]: ###  Matthew in script_runner removing jobfile jobfile-6953e25d-64d5-494c-8aac-625d4593d8f7.py  ###
[2017-11-21 08:39:44,133: INFO/ForkPoolWorker-1] Task app.script_runner[f8bec2af-22d9-46a0-beb3-e8df6f940af5] succeeded in 2632.541049020365s: None
[2017-11-21 09:10:17,683: INFO/ForkPoolWorker-1] app.script_runner[2a36dba5-a8db-48e0-8dc0-3e3ec727a22b]: ###  Matthew in script_runner celery task  ###
[2017-11-21 10:20:58,541: INFO/ForkPoolWorker-1] app.script_runner[2a36dba5-a8db-48e0-8dc0-3e3ec727a22b]: ###  !!!  Matthew in script_runner celery has now completed  !!!  ###
[2017-11-21 10:20:58,541: INFO/ForkPoolWorker-1] app.script_runner[2a36dba5-a8db-48e0-8dc0-3e3ec727a22b]: ###  Matthew in script_runner removing jobfile jobfile-eae35ff3-ac7f-48aa-8d2c-44b48881e957.py  ###
[2017-11-21 10:20:58,552: INFO/ForkPoolWorker-1] Task app.script_runner[2a36dba5-a8db-48e0-8dc0-3e3ec727a22b] succeeded in 4240.882544245571s: None
[2017-11-27 20:10:47,467: INFO/ForkPoolWorker-1] app.script_runner[ef37c582-a4fb-474a-9305-b18b1ab53584]: ###  Matthew in script_runner celery task  ###
[2017-11-27 21:04:58,961: INFO/ForkPoolWorker-1] app.script_runner[ef37c582-a4fb-474a-9305-b18b1ab53584]: ###  !!!  Matthew in script_runner celery has now completed  !!!  ###
[2017-11-27 21:04:58,961: INFO/ForkPoolWorker-1] app.script_runner[ef37c582-a4fb-474a-9305-b18b1ab53584]: ###  Matthew in script_runner removing jobfile jobfile-2707d529-2de3-43f0-971f-0e30c8a9aa4a.py  ###
[2017-11-27 21:04:58,996: INFO/ForkPoolWorker-1] Task app.script_runner[ef37c582-a4fb-474a-9305-b18b1ab53584] succeeded in 3251.5408547166735s: None
[2017-11-28 12:51:00,632: INFO/ForkPoolWorker-1] app.script_runner[078e5535-f080-4bae-ac4f-f00726909bbd]: ###  Matthew in script_runner celery task  ###
[2017-11-28 13:53:18,881: INFO/ForkPoolWorker-1] app.script_runner[078e5535-f080-4bae-ac4f-f00726909bbd]: ###  !!!  Matthew in script_runner celery has now completed  !!!  ###
[2017-11-28 13:53:18,882: INFO/ForkPoolWorker-1] app.script_runner[078e5535-f080-4bae-ac4f-f00726909bbd]: ###  Matthew in script_runner removing jobfile jobfile-d4188cc1-6d22-418d-9645-32abe9c87f66.py  ###
[2017-11-28 13:53:18,919: INFO/ForkPoolWorker-1] Task app.script_runner[078e5535-f080-4bae-ac4f-f00726909bbd] succeeded in 3738.2983837984502s: None
[2017-11-29 14:22:41,555: INFO/ForkPoolWorker-1] app.script_runner[2da2bc55-1358-4f9b-9fb3-665e16960716]: ###  Matthew in script_runner celery task  ###
[2017-11-29 15:23:02,304: INFO/ForkPoolWorker-1] app.script_runner[2da2bc55-1358-4f9b-9fb3-665e16960716]: ###  !!!  Matthew in script_runner celery has now completed  !!!  ###
[2017-11-29 15:23:02,304: INFO/ForkPoolWorker-1] app.script_runner[2da2bc55-1358-4f9b-9fb3-665e16960716]: ###  Matthew in script_runner removing jobfile jobfile-f84ed1dd-e2a3-4235-a7fe-7ee3e3588da4.py  ###
[2017-11-29 15:23:02,367: INFO/ForkPoolWorker-1] Task app.script_runner[2da2bc55-1358-4f9b-9fb3-665e16960716] succeeded in 3620.8263943400234s: None
[2017-12-03 16:33:10,071: INFO/ForkPoolWorker-1] app.script_runner[6ff6c2be-7c55-43fa-b9d4-d85065ae7855]: ###  Matthew in script_runner celery task  ###
[2017-12-03 16:41:32,713: INFO/ForkPoolWorker-1] app.script_runner[6ff6c2be-7c55-43fa-b9d4-d85065ae7855]: ###  !!!  Matthew in script_runner celery has now completed  !!!  ###
[2017-12-03 16:41:32,714: INFO/ForkPoolWorker-1] app.script_runner[6ff6c2be-7c55-43fa-b9d4-d85065ae7855]: ###  Matthew in script_runner removing jobfile jobfile-ba6fbd81-247f-42c9-9bad-661b46c15ef3.py  ###
[2017-12-03 16:41:32,788: INFO/ForkPoolWorker-1] Task app.script_runner[6ff6c2be-7c55-43fa-b9d4-d85065ae7855] succeeded in 502.726959168911s: None
[2017-12-08 10:50:41,394: INFO/ForkPoolWorker-1] app.script_runner[f4397460-e6aa-4914-a95b-07e3bbe0c0c0]: ###  Matthew in script_runner celery task  ###
[2017-12-08 12:43:19,008: INFO/ForkPoolWorker-1] app.script_runner[f4397460-e6aa-4914-a95b-07e3bbe0c0c0]: ###  !!!  Matthew in script_runner celery has now completed  !!!  ###
[2017-12-08 12:43:19,009: INFO/ForkPoolWorker-1] app.script_runner[f4397460-e6aa-4914-a95b-07e3bbe0c0c0]: ###  Matthew in script_runner removing jobfile jobfile-fac16f96-491f-4d1b-b65f-dd61cc46d34d.py  ###
[2017-12-08 12:43:19,027: INFO/ForkPoolWorker-1] Task app.script_runner[f4397460-e6aa-4914-a95b-07e3bbe0c0c0] succeeded in 6757.640062311664s: None
[2018-01-09 12:09:34,533: INFO/ForkPoolWorker-1] app.script_runner[9ebb7271-b8de-4161-9fed-d4ce0a74331e]: ###  Matthew in script_runner celery task  ###
[2018-01-09 12:25:47,732: INFO/ForkPoolWorker-1] app.script_runner[9ebb7271-b8de-4161-9fed-d4ce0a74331e]: ###  !!!  Matthew in script_runner celery has now completed  !!!  ###
[2018-01-09 12:25:47,734: INFO/ForkPoolWorker-1] app.script_runner[9ebb7271-b8de-4161-9fed-d4ce0a74331e]: ###  Matthew in script_runner removing jobfile jobfile-50c3592d-cbf7-4cd7-aa18-1a6d484c253a.py  ###
[2018-01-09 12:25:48,142: INFO/ForkPoolWorker-1] Task app.script_runner[9ebb7271-b8de-4161-9fed-d4ce0a74331e] succeeded in 973.6239786079968s: None
[2018-01-09 14:50:16,029: INFO/ForkPoolWorker-1] app.script_runner[6c087d84-7c37-4f0c-a16a-80dfe2115549]: ###  Matthew in script_runner celery task  ###
[2018-01-09 14:51:01,743: INFO/ForkPoolWorker-1] app.script_runner[6c087d84-7c37-4f0c-a16a-80dfe2115549]: ###  !!!  Matthew in script_runner celery has now completed  !!!  ###
[2018-01-09 14:51:01,745: INFO/ForkPoolWorker-1] app.script_runner[6c087d84-7c37-4f0c-a16a-80dfe2115549]: ###  Matthew in script_runner removing jobfile jobfile-895a933a-f376-43c0-91b7-d5d0712aa448.py  ###
[2018-01-09 14:51:01,774: INFO/ForkPoolWorker-1] Task app.script_runner[6c087d84-7c37-4f0c-a16a-80dfe2115549] succeeded in 45.75958257900493s: None
[2018-01-10 11:37:11,259: INFO/ForkPoolWorker-1] app.script_runner[737f99a9-1e79-4cf1-92ed-fdeab77a8db0]: ###  Matthew in script_runner celery task  ###
[2018-01-10 11:40:51,519: INFO/ForkPoolWorker-1] app.script_runner[737f99a9-1e79-4cf1-92ed-fdeab77a8db0]: ###  !!!  Matthew in script_runner celery has now completed  !!!  ###
[2018-01-10 11:40:51,520: INFO/ForkPoolWorker-1] app.script_runner[737f99a9-1e79-4cf1-92ed-fdeab77a8db0]: ###  Matthew in script_runner removing jobfile jobfile-44410c3d-d61c-46d8-9718-886163f4805b.py  ###
[2018-01-10 11:40:51,543: INFO/ForkPoolWorker-1] Task app.script_runner[737f99a9-1e79-4cf1-92ed-fdeab77a8db0] succeeded in 220.29903910699068s: None
[2018-01-11 16:17:28,435: INFO/ForkPoolWorker-1] app.script_runner[b0fd4932-9df1-458c-9374-aee4f0c2c977]: ###  Matthew in script_runner celery task  ###
[2018-01-11 16:24:15,131: INFO/ForkPoolWorker-1] app.script_runner[b0fd4932-9df1-458c-9374-aee4f0c2c977]: ###  !!!  Matthew in script_runner celery has now completed  !!!  ###
[2018-01-11 16:24:15,132: INFO/ForkPoolWorker-1] app.script_runner[b0fd4932-9df1-458c-9374-aee4f0c2c977]: ###  Matthew in script_runner removing jobfile jobfile-7a4ac95e-411e-4179-9980-3a441429cbe5.py  ###
[2018-01-11 16:24:15,162: INFO/ForkPoolWorker-1] Task app.script_runner[b0fd4932-9df1-458c-9374-aee4f0c2c977] succeeded in 406.7396717129741s: None
[2018-01-11 17:46:06,157: INFO/ForkPoolWorker-1] app.script_runner[311c8d6b-d6a5-45e2-8a07-33e571955488]: ###  Matthew in script_runner celery task  ###
[2018-01-11 17:51:43,819: INFO/ForkPoolWorker-1] app.script_runner[311c8d6b-d6a5-45e2-8a07-33e571955488]: ###  !!!  Matthew in script_runner celery has now completed  !!!  ###
[2018-01-11 17:51:43,821: INFO/ForkPoolWorker-1] app.script_runner[311c8d6b-d6a5-45e2-8a07-33e571955488]: ###  Matthew in script_runner removing jobfile jobfile-f04fa384-8758-45cb-9a68-a4284a9a8118.py  ###
[2018-01-11 17:51:43,844: INFO/ForkPoolWorker-1] Task app.script_runner[311c8d6b-d6a5-45e2-8a07-33e571955488] succeeded in 337.7046444779844s: None
[2018-02-01 14:27:47,407: INFO/ForkPoolWorker-1] app.script_runner[06a2b7cf-1ceb-4f12-90c8-b4351e7c6c83]: ###  Matthew in script_runner celery task  ###
[2018-02-01 14:34:58,089: INFO/ForkPoolWorker-1] app.script_runner[06a2b7cf-1ceb-4f12-90c8-b4351e7c6c83]: ###  !!!  Matthew in script_runner celery has now completed  !!!  ###
[2018-02-01 14:34:58,091: INFO/ForkPoolWorker-1] app.script_runner[06a2b7cf-1ceb-4f12-90c8-b4351e7c6c83]: ###  Matthew in script_runner removing jobfile jobfile-78b647e5-0716-4fa5-a300-1ddec32e2387.py  ###
[2018-02-01 14:34:58,125: INFO/ForkPoolWorker-1] Task app.script_runner[06a2b7cf-1ceb-4f12-90c8-b4351e7c6c83] succeeded in 430.73195790988393s: None
