[2017-11-19 16:44:57,780: INFO/MainProcess] Connected to amqp://guest:**@127.0.0.1:5672//
[2017-11-19 16:44:57,820: INFO/MainProcess] mingle: searching for neighbors
[2017-11-19 16:44:58,861: INFO/MainProcess] mingle: all alone
[2017-11-19 16:44:58,879: INFO/MainProcess] worker@mastarke-lnx-v2 ready.
[2017-11-19 16:47:55,231: INFO/MainProcess] Received task: app.script_runner[fe0ab1b6-1577-4253-b7dc-36b964e0f560]  
[2017-11-19 16:50:40,521: INFO/MainProcess] Connected to amqp://guest:**@127.0.0.1:5672//
[2017-11-19 16:50:40,547: INFO/MainProcess] mingle: searching for neighbors
[2017-11-19 16:50:41,588: INFO/MainProcess] mingle: all alone
[2017-11-19 16:50:41,615: INFO/MainProcess] worker@mastarke-lnx-v2 ready.
[2017-11-19 16:54:53,043: INFO/MainProcess] Connected to amqp://guest:**@127.0.0.1:5672//
[2017-11-19 16:54:53,057: INFO/MainProcess] mingle: searching for neighbors
[2017-11-19 16:54:54,082: INFO/MainProcess] mingle: all alone
[2017-11-19 16:54:54,100: INFO/MainProcess] worker@mastarke-lnx-v2 ready.
[2017-11-19 16:55:39,813: INFO/MainProcess] Received task: app.script_runner[d1fb5b9d-ec24-49b6-896b-0d2774eb735d]  
[2017-11-19 16:59:37,665: INFO/MainProcess] Connected to amqp://guest:**@127.0.0.1:5672//
[2017-11-19 16:59:37,690: INFO/MainProcess] mingle: searching for neighbors
[2017-11-19 16:59:38,727: INFO/MainProcess] mingle: all alone
[2017-11-19 16:59:38,743: INFO/MainProcess] worker@mastarke-lnx-v2 ready.
[2017-11-19 17:00:36,755: INFO/MainProcess] Received task: app.script_runner[3bb076dd-cc74-43a6-94c5-ea42fe49cda2]  
[2017-11-19 17:02:09,372: INFO/MainProcess] Connected to amqp://guest:**@127.0.0.1:5672//
[2017-11-19 17:02:09,387: INFO/MainProcess] mingle: searching for neighbors
[2017-11-19 17:02:10,408: INFO/MainProcess] mingle: all alone
[2017-11-19 17:02:10,424: INFO/MainProcess] worker@mastarke-lnx-v2 ready.
[2017-11-19 17:02:42,477: INFO/MainProcess] Received task: app.script_runner[14a17033-2711-4c00-b982-06a02bedd87d]  
[2017-11-19 17:07:01,038: INFO/MainProcess] Received task: app.script_runner[443b5a9d-024f-4b9b-8ed5-90431d189605]  
[2017-11-19 17:10:28,040: INFO/MainProcess] Received task: app.script_runner[fd41ec4c-f8a6-4761-b32c-74edbd133633]  
[2017-11-19 17:12:01,767: INFO/MainProcess] Received task: app.script_runner[6452823a-c95c-4cd1-b43c-75c884979e19]  
[2017-11-19 17:21:03,668: INFO/MainProcess] Received task: app.script_runner[3cb087eb-3e84-4e4c-b928-7172b30e42bc]  
[2017-11-19 17:24:20,226: INFO/MainProcess] Received task: app.script_runner[ebe1a94f-c371-4789-b77f-c65d14168189]  
[2017-11-19 18:27:45,190: INFO/MainProcess] Connected to amqp://guest:**@127.0.0.1:5672//
[2017-11-19 18:27:45,217: INFO/MainProcess] mingle: searching for neighbors
[2017-11-19 18:27:46,255: INFO/MainProcess] mingle: all alone
[2017-11-19 18:27:46,277: INFO/MainProcess] worker@mastarke-lnx-v2 ready.
[2017-11-19 18:28:30,679: INFO/MainProcess] Connected to amqp://guest:**@127.0.0.1:5672//
[2017-11-19 18:28:30,707: INFO/MainProcess] mingle: searching for neighbors
[2017-11-19 18:28:31,761: INFO/MainProcess] mingle: all alone
[2017-11-19 18:28:31,780: INFO/MainProcess] worker@mastarke-lnx-v2 ready.
[2017-11-19 18:29:28,701: INFO/MainProcess] Received task: app.script_runner[c002a1c2-82f2-428d-b590-900eef877ad0]  
[2017-11-19 18:41:10,113: INFO/MainProcess] Connected to amqp://guest:**@127.0.0.1:5672//
[2017-11-19 18:41:10,127: INFO/MainProcess] mingle: searching for neighbors
[2017-11-19 18:41:11,152: INFO/MainProcess] mingle: all alone
[2017-11-19 18:41:11,174: INFO/MainProcess] worker@mastarke-lnx-v2 ready.
[2017-11-19 18:42:59,401: INFO/MainProcess] Connected to amqp://guest:**@127.0.0.1:5672//
[2017-11-19 18:42:59,415: INFO/MainProcess] mingle: searching for neighbors
[2017-11-19 18:43:00,436: INFO/MainProcess] mingle: all alone
[2017-11-19 18:43:00,465: INFO/MainProcess] worker@mastarke-lnx-v2 ready.
[2017-11-19 18:43:48,962: INFO/MainProcess] Received task: app.script_runner[77cbd84a-4be6-4f8d-861d-a73c5a93d1b9]  
[2017-11-19 18:59:31,590: INFO/MainProcess] Received task: app.script_runner[5c1384b8-d66c-469e-af0e-f7c21b1f7268]  
[2017-11-19 20:43:44,290: INFO/MainProcess] Received task: app.script_runner[b2eefa7c-7366-40c3-8e10-a91c19eb9264]  
[2017-11-20 07:53:24,352: INFO/MainProcess] Received task: app.script_runner[8d4ac698-7be8-4e89-a908-f7905caf3d22]  
[2017-11-20 08:00:59,502: INFO/MainProcess] Received task: app.script_runner[d809a887-5cdf-4f9a-822c-ee2f3b3d4cd5]  
